[www.skylinefilms.tv/index.html]
[backblue.gif]
[fade.gif]
[index.html]
[www.skylinefilms.tv/about.html]
[www.skylinefilms.tv/contact.html]
[www.skylinefilms.tv/privacy-policy.html]
[www.skylinefilms.tv/index.html]
[www.skylinefilms.tv/film-producing-service.html]
[www.skylinefilms.tv/film-production-consultancy.html]
[www.skylinefilms.tv/film-scheduling-and-budgeting-service.html]
[www.skylinefilms.tv/film-production-training.html]
[www.skylinefilms.tv/steve-clark-hall.html]
[www.skylinefilms.tv/mairi-bett.html]
[www.skylinefilms.tv/about.html]
[www.skylinefilms.tv/contact.html]
[www.skylinefilms.tv/404.html]
[www.skylinefilms.tv/privacy-policy.html]
[www.skylinefilms.tv/film-producing-service.html]
[www.skylinefilms.tv/film-production-consultancy.html]
[www.skylinefilms.tv/film-scheduling-and-budgeting-service.html]
[www.skylinefilms.tv/film-production-training.html]
[www.skylinefilms.tv/steve-clark-hall.html]
[www.skylinefilms.tv/mairi-bett.html]
[www.skylinefilms.tv/404.html]
